Using pre-set license
Built from '2021.3/staging' branch; Version is '2021.3.11f1 (0a5ca18544bf) revision 679073'; Using compiler version '192829333'; Build Type 'Release'
OS: 'Windows 10  (10.0.19045) 64bit Professional' Language: 'ru' Physical Memory: 8175 MB
BatchMode: 1, IsHumanControllingUs: 0, StartBugReporterOnCrash: 0, Is64bit: 1, IsPro: 1

COMMAND LINE ARGUMENTS:
D:\Unity\2021.3.11f1\Editor\Unity.exe
-adb2
-batchMode
-noUpm
-name
AssetImportWorker10
-projectPath
D:/Unity/Projects/Cursach
-logFile
Logs/AssetImportWorker10.log
-srvPort
58428
Successfully changed project path to: D:/Unity/Projects/Cursach
D:/Unity/Projects/Cursach
[UnityMemory] Configuration Parameters - Can be set up in boot.config
    "memorysetup-bucket-allocator-granularity=16"
    "memorysetup-bucket-allocator-bucket-count=8"
    "memorysetup-bucket-allocator-block-size=33554432"
    "memorysetup-bucket-allocator-block-count=8"
    "memorysetup-main-allocator-block-size=16777216"
    "memorysetup-thread-allocator-block-size=16777216"
    "memorysetup-gfx-main-allocator-block-size=16777216"
    "memorysetup-gfx-thread-allocator-block-size=16777216"
    "memorysetup-cache-allocator-block-size=4194304"
    "memorysetup-typetree-allocator-block-size=2097152"
    "memorysetup-profiler-bucket-allocator-granularity=16"
    "memorysetup-profiler-bucket-allocator-bucket-count=8"
    "memorysetup-profiler-bucket-allocator-block-size=33554432"
    "memorysetup-profiler-bucket-allocator-block-count=8"
    "memorysetup-profiler-allocator-block-size=16777216"
    "memorysetup-profiler-editor-allocator-block-size=1048576"
    "memorysetup-temp-allocator-size-main=16777216"
    "memorysetup-job-temp-allocator-block-size=2097152"
    "memorysetup-job-temp-allocator-block-size-background=1048576"
    "memorysetup-job-temp-allocator-reduction-small-platforms=262144"
    "memorysetup-temp-allocator-size-background-worker=32768"
    "memorysetup-temp-allocator-size-job-worker=262144"
    "memorysetup-temp-allocator-size-preload-manager=33554432"
    "memorysetup-temp-allocator-size-nav-mesh-worker=65536"
    "memorysetup-temp-allocator-size-audio-worker=65536"
    "memorysetup-temp-allocator-size-cloud-worker=32768"
    "memorysetup-temp-allocator-size-gi-baking-worker=262144"
    "memorysetup-temp-allocator-size-gfx=262144"
Refreshing native plugins compatible for Editor in 175.83 ms, found 4 plugins.
Preloading 0 native plugins for Editor in 0.00 ms.
Initialize engine version: 2021.3.11f1 (0a5ca18544bf)
[Subsystems] Discovering subsystems at path D:/Unity/2021.3.11f1/Editor/Data/Resources/UnitySubsystems
[Subsystems] Discovering subsystems at path D:/Unity/Projects/Cursach/Assets
GfxDevice: creating device client; threaded=0; jobified=0
Direct3D:
    Version:  Direct3D 11.0 [level 11.0]
    Renderer: NVIDIA GeForce GTX 650 (ID=0xfc6)
    Vendor:   NVIDIA
    VRAM:     984 MB
    Driver:   27.21.14.5671
Initialize mono
Mono path[0] = 'D:/Unity/2021.3.11f1/Editor/Data/Managed'
Mono path[1] = 'D:/Unity/2021.3.11f1/Editor/Data/MonoBleedingEdge/lib/mono/unityjit-win32'
Mono config path = 'D:/Unity/2021.3.11f1/Editor/Data/MonoBleedingEdge/etc'
Using monoOptions --debugger-agent=transport=dt_socket,embedding=1,server=y,suspend=n,address=127.0.0.1:56312
Begin MonoManager ReloadAssembly
Registering precompiled unity dll's ...
Register platform support module: D:/Unity/2021.3.11f1/Editor/Data/PlaybackEngines/WindowsStandaloneSupport/UnityEditor.WindowsStandalone.Extensions.dll
Registered in 0.005440 seconds.
Native extension for WindowsStandalone target not found
Refreshing native plugins compatible for Editor in 181.36 ms, found 4 plugins.
Preloading 0 native plugins for Editor in 0.00 ms.
Mono: successfully reloaded assembly
- Completed reload, in  1.420 seconds
Domain Reload Profiling:
	ReloadAssembly (1421ms)
		BeginReloadAssembly (143ms)
			ExecutionOrderSort (0ms)
			DisableScriptedObjects (0ms)
			BackupInstance (0ms)
			ReleaseScriptingObjects (0ms)
			CreateAndSetChildDomain (2ms)
		EndReloadAssembly (918ms)
			LoadAssemblies (141ms)
			RebuildTransferFunctionScriptingTraits (0ms)
			SetupTypeCache (227ms)
			ReleaseScriptCaches (0ms)
			RebuildScriptCaches (56ms)
			SetupLoadedEditorAssemblies (532ms)
				LogAssemblyErrors (0ms)
				InitializePlatformSupportModulesInManaged (13ms)
				SetLoadedEditorAssemblies (0ms)
				RefreshPlugins (181ms)
				BeforeProcessingInitializeOnLoad (3ms)
				ProcessInitializeOnLoadAttributes (237ms)
				ProcessInitializeOnLoadMethodAttributes (95ms)
				AfterProcessingInitializeOnLoad (0ms)
				EditorAssembliesLoaded (1ms)
			ExecutionOrderSort2 (0ms)
			AwakeInstancesAfterBackupRestoration (0ms)
Platform modules already initialized, skipping
Registering precompiled user dll's ...
Registered in 0.012587 seconds.
Begin MonoManager ReloadAssembly
Symbol file LoadedFromMemory doesn't match image D:\Unity\Projects\Cursach\Library\PackageCache\com.unity.visualscripting@1.7.8\Editor\VisualScripting.Core\Dependencies\YamlDotNet\Unity.VisualScripting.YamlDotNet.dll
Symbol file LoadedFromMemory doesn't match image D:\Unity\Projects\Cursach\Library\PackageCache\com.unity.visualscripting@1.7.8\Editor\VisualScripting.Core\Dependencies\DotNetZip\Unity.VisualScripting.IonicZip.dll
Native extension for WindowsStandalone target not found
Refreshing native plugins compatible for Editor in 183.90 ms, found 4 plugins.
Preloading 0 native plugins for Editor in 0.00 ms.
Mono: successfully reloaded assembly
- Completed reload, in  2.266 seconds
Domain Reload Profiling:
	ReloadAssembly (2268ms)
		BeginReloadAssembly (199ms)
			ExecutionOrderSort (0ms)
			DisableScriptedObjects (12ms)
			BackupInstance (0ms)
			ReleaseScriptingObjects (0ms)
			CreateAndSetChildDomain (31ms)
		EndReloadAssembly (1857ms)
			LoadAssemblies (171ms)
			RebuildTransferFunctionScriptingTraits (0ms)
			SetupTypeCache (537ms)
			ReleaseScriptCaches (1ms)
			RebuildScriptCaches (105ms)
			SetupLoadedEditorAssemblies (943ms)
				LogAssemblyErrors (0ms)
				InitializePlatformSupportModulesInManaged (8ms)
				SetLoadedEditorAssemblies (0ms)
				RefreshPlugins (184ms)
				BeforeProcessingInitializeOnLoad (169ms)
				ProcessInitializeOnLoadAttributes (479ms)
				ProcessInitializeOnLoadMethodAttributes (94ms)
				AfterProcessingInitializeOnLoad (7ms)
				EditorAssembliesLoaded (0ms)
			ExecutionOrderSort2 (0ms)
			AwakeInstancesAfterBackupRestoration (16ms)
Platform modules already initialized, skipping
========================================================================
Worker process is ready to serve import requests
Launched and connected shader compiler UnityShaderCompiler.exe after 0.08 seconds
Refreshing native plugins compatible for Editor in 1.10 ms, found 4 plugins.
Preloading 0 native plugins for Editor in 0.00 ms.
Unloading 4100 Unused Serialized files (Serialized files now loaded: 0)
Unloading 38 unused Assets / (56.2 KB). Loaded Objects now: 4557.
Memory consumption went from 154.1 MB to 154.0 MB.
Total: 5.193300 ms (FindLiveObjects: 0.532400 ms CreateObjectMapping: 0.192300 ms MarkObjects: 4.353000 ms  DeleteObjects: 0.114200 ms)

AssetImportParameters requested are different than current active one (requested -> active):
  custom:video-decoder-ogg-theora: a1e56fd34408186e4bbccfd4996cb3dc -> 
  custom:container-muxer-webm: aa71ff27fc2769a1b78a27578f13a17b -> 
  custom:container-demuxer-webm: 4f35f7cbe854078d1ac9338744f61a02 -> 
  custom:video-encoder-webm-vp8: eb34c28f22e8b96e1ab97ce403110664 -> 
  custom:audio-encoder-webm-vorbis: bf7c407c2cedff20999df2af8eb42d56 -> 
  custom:framework-win-MediaFoundation: 216162199b28c13a410421893ffa2e32 -> 
  custom:container-demuxer-ogg: 62fdf1f143b41e24485cea50d1cbac27 -> 
  custom:video-decoder-webm-vp8: 9c59270c3fd7afecdb556c50c9e8de78 -> 
  custom:audio-decoder-ogg-vorbis: bf7c407c2cedff20999df2af8eb42d56 -> 
========================================================================
Received Import Request.
  Time since last request: 439392.733493 seconds.
  path: Assets/popa/TileMap/Strominka/Pallete/asd_0.asset
  artifactKey: Guid(56cf55c3eaccb1b49bad2270e944e229) Importer(815301076,1909f56bfc062723c751e8b465ee728b)
Start importing Assets/popa/TileMap/Strominka/Pallete/asd_0.asset using Guid(56cf55c3eaccb1b49bad2270e944e229) Importer(815301076,1909f56bfc062723c751e8b465ee728b)  -> (artifact id: 'ea1c2e1a273856ca0173f66c1a4e3394') in 0.392359 seconds 
========================================================================
Received Import Request.
  Time since last request: 0.000036 seconds.
  path: Assets/popa/TileMap/Strominka/Pallete/GroundV.prefab
  artifactKey: Guid(8a12cf21b2870da4a9b89e6615d485d7) Importer(815301076,1909f56bfc062723c751e8b465ee728b)
Start importing Assets/popa/TileMap/Strominka/Pallete/GroundV.prefab using Guid(8a12cf21b2870da4a9b89e6615d485d7) Importer(815301076,1909f56bfc062723c751e8b465ee728b)  -> (artifact id: '30a6e3d50a40165256f17758499626d1') in 0.404924 seconds 
========================================================================
Received Import Request.
  Time since last request: 0.000039 seconds.
  path: Assets/popa/TileMap/Strominka/Pallete/ground_0.asset
  artifactKey: Guid(4c337cef3c41873479f37eb568d34aad) Importer(815301076,1909f56bfc062723c751e8b465ee728b)
Start importing Assets/popa/TileMap/Strominka/Pallete/ground_0.asset using Guid(4c337cef3c41873479f37eb568d34aad) Importer(815301076,1909f56bfc062723c751e8b465ee728b)  -> (artifact id: '486d0c29a5e27fc5f8bb59f0a16dc2c8') in 0.129171 seconds 
========================================================================
Received Import Request.
  Time since last request: 0.000029 seconds.
  path: Assets/popa/TileMap/Strominka/Pallete/newwalls_2.asset
  artifactKey: Guid(eb79992a23f0cfb4aad3bdf908e200e0) Importer(815301076,1909f56bfc062723c751e8b465ee728b)
Start importing Assets/popa/TileMap/Strominka/Pallete/newwalls_2.asset using Guid(eb79992a23f0cfb4aad3bdf908e200e0) Importer(815301076,1909f56bfc062723c751e8b465ee728b)  -> (artifact id: '2c3474b3c142064b71b4c50eb80ba38e') in 0.040006 seconds 
========================================================================
Received Import Request.
  Time since last request: 0.000033 seconds.
  path: Assets/popa/TileMap/Strominka/Pallete/newwalls_6.asset
  artifactKey: Guid(f9712c57a9062674db7133d3d3f899d3) Importer(815301076,1909f56bfc062723c751e8b465ee728b)
Start importing Assets/popa/TileMap/Strominka/Pallete/newwalls_6.asset using Guid(f9712c57a9062674db7133d3d3f899d3) Importer(815301076,1909f56bfc062723c751e8b465ee728b)  -> (artifact id: 'b9407dc960b271f694b90da65792099c') in 0.029975 seconds 
========================================================================
Received Import Request.
  Time since last request: 0.000519 seconds.
  path: Assets/popa/TileMap/Strominka/Pallete/ground_5.asset
  artifactKey: Guid(5d16e6bfe44214647b21a87055aeb8fc) Importer(815301076,1909f56bfc062723c751e8b465ee728b)
Start importing Assets/popa/TileMap/Strominka/Pallete/ground_5.asset using Guid(5d16e6bfe44214647b21a87055aeb8fc) Importer(815301076,1909f56bfc062723c751e8b465ee728b)  -> (artifact id: '64f36e4667d4df886920e67e99ebc482') in 0.029015 seconds 
========================================================================
Received Import Request.
  Time since last request: 0.000045 seconds.
  path: Assets/popa/TileMap/Strominka/Pallete/walls_3.asset
  artifactKey: Guid(56ca3657f3225bc4ca9abdb4bb9ea9d1) Importer(815301076,1909f56bfc062723c751e8b465ee728b)
Start importing Assets/popa/TileMap/Strominka/Pallete/walls_3.asset using Guid(56ca3657f3225bc4ca9abdb4bb9ea9d1) Importer(815301076,1909f56bfc062723c751e8b465ee728b)  -> (artifact id: 'fcd3f4c470afe014ed5ffdd5192cb593') in 1.304764 seconds 
========================================================================
Received Import Request.
  Time since last request: 0.001350 seconds.
  path: Assets/popa/TileMap/Strominka/Pallete/newwalls_10.asset
  artifactKey: Guid(ff61e0a0e71b7c34a9b4a1fb5aea963f) Importer(815301076,1909f56bfc062723c751e8b465ee728b)
Start importing Assets/popa/TileMap/Strominka/Pallete/newwalls_10.asset using Guid(ff61e0a0e71b7c34a9b4a1fb5aea963f) Importer(815301076,1909f56bfc062723c751e8b465ee728b)  -> (artifact id: '3a240133a327e8250563cb1e06cda832') in 0.233428 seconds 
Editor requested this worker to shutdown with reason: Scaling down because of idle timeout
AssetImportWorker is now disconnected from the server
Process exiting
Exiting without the bug reporter. Application will terminate with return code 0