Using pre-set license
Built from '2021.3/staging' branch; Version is '2021.3.11f1 (0a5ca18544bf) revision 679073'; Using compiler version '192829333'; Build Type 'Release'
OS: 'Windows 10  (10.0.19045) 64bit Professional' Language: 'ru' Physical Memory: 8175 MB
BatchMode: 1, IsHumanControllingUs: 0, StartBugReporterOnCrash: 0, Is64bit: 1, IsPro: 1

COMMAND LINE ARGUMENTS:
D:\Unity\2021.3.11f1\Editor\Unity.exe
-adb2
-batchMode
-noUpm
-name
AssetImportWorker7
-projectPath
D:/Unity/Projects/Cursach
-logFile
Logs/AssetImportWorker7.log
-srvPort
58428
Successfully changed project path to: D:/Unity/Projects/Cursach
D:/Unity/Projects/Cursach
[UnityMemory] Configuration Parameters - Can be set up in boot.config
    "memorysetup-bucket-allocator-granularity=16"
    "memorysetup-bucket-allocator-bucket-count=8"
    "memorysetup-bucket-allocator-block-size=33554432"
    "memorysetup-bucket-allocator-block-count=8"
    "memorysetup-main-allocator-block-size=16777216"
    "memorysetup-thread-allocator-block-size=16777216"
    "memorysetup-gfx-main-allocator-block-size=16777216"
    "memorysetup-gfx-thread-allocator-block-size=16777216"
    "memorysetup-cache-allocator-block-size=4194304"
    "memorysetup-typetree-allocator-block-size=2097152"
    "memorysetup-profiler-bucket-allocator-granularity=16"
    "memorysetup-profiler-bucket-allocator-bucket-count=8"
    "memorysetup-profiler-bucket-allocator-block-size=33554432"
    "memorysetup-profiler-bucket-allocator-block-count=8"
    "memorysetup-profiler-allocator-block-size=16777216"
    "memorysetup-profiler-editor-allocator-block-size=1048576"
    "memorysetup-temp-allocator-size-main=16777216"
    "memorysetup-job-temp-allocator-block-size=2097152"
    "memorysetup-job-temp-allocator-block-size-background=1048576"
    "memorysetup-job-temp-allocator-reduction-small-platforms=262144"
    "memorysetup-temp-allocator-size-background-worker=32768"
    "memorysetup-temp-allocator-size-job-worker=262144"
    "memorysetup-temp-allocator-size-preload-manager=33554432"
    "memorysetup-temp-allocator-size-nav-mesh-worker=65536"
    "memorysetup-temp-allocator-size-audio-worker=65536"
    "memorysetup-temp-allocator-size-cloud-worker=32768"
    "memorysetup-temp-allocator-size-gi-baking-worker=262144"
    "memorysetup-temp-allocator-size-gfx=262144"
Refreshing native plugins compatible for Editor in 145.24 ms, found 4 plugins.
Preloading 0 native plugins for Editor in 0.00 ms.
Initialize engine version: 2021.3.11f1 (0a5ca18544bf)
[Subsystems] Discovering subsystems at path D:/Unity/2021.3.11f1/Editor/Data/Resources/UnitySubsystems
[Subsystems] Discovering subsystems at path D:/Unity/Projects/Cursach/Assets
GfxDevice: creating device client; threaded=0; jobified=0
Direct3D:
    Version:  Direct3D 11.0 [level 11.0]
    Renderer: NVIDIA GeForce GTX 650 (ID=0xfc6)
    Vendor:   NVIDIA
    VRAM:     984 MB
    Driver:   27.21.14.5671
Initialize mono
Mono path[0] = 'D:/Unity/2021.3.11f1/Editor/Data/Managed'
Mono path[1] = 'D:/Unity/2021.3.11f1/Editor/Data/MonoBleedingEdge/lib/mono/unityjit-win32'
Mono config path = 'D:/Unity/2021.3.11f1/Editor/Data/MonoBleedingEdge/etc'
Using monoOptions --debugger-agent=transport=dt_socket,embedding=1,server=y,suspend=n,address=127.0.0.1:56140
Begin MonoManager ReloadAssembly
Registering precompiled unity dll's ...
Register platform support module: D:/Unity/2021.3.11f1/Editor/Data/PlaybackEngines/WindowsStandaloneSupport/UnityEditor.WindowsStandalone.Extensions.dll
Registered in 0.004243 seconds.
Native extension for WindowsStandalone target not found
Refreshing native plugins compatible for Editor in 135.16 ms, found 4 plugins.
Preloading 0 native plugins for Editor in 0.00 ms.
Mono: successfully reloaded assembly
- Completed reload, in  0.948 seconds
Domain Reload Profiling:
	ReloadAssembly (949ms)
		BeginReloadAssembly (103ms)
			ExecutionOrderSort (0ms)
			DisableScriptedObjects (0ms)
			BackupInstance (0ms)
			ReleaseScriptingObjects (0ms)
			CreateAndSetChildDomain (1ms)
		EndReloadAssembly (689ms)
			LoadAssemblies (102ms)
			RebuildTransferFunctionScriptingTraits (0ms)
			SetupTypeCache (168ms)
			ReleaseScriptCaches (0ms)
			RebuildScriptCaches (43ms)
			SetupLoadedEditorAssemblies (405ms)
				LogAssemblyErrors (0ms)
				InitializePlatformSupportModulesInManaged (10ms)
				SetLoadedEditorAssemblies (0ms)
				RefreshPlugins (135ms)
				BeforeProcessingInitializeOnLoad (2ms)
				ProcessInitializeOnLoadAttributes (185ms)
				ProcessInitializeOnLoadMethodAttributes (73ms)
				AfterProcessingInitializeOnLoad (0ms)
				EditorAssembliesLoaded (0ms)
			ExecutionOrderSort2 (0ms)
			AwakeInstancesAfterBackupRestoration (0ms)
Platform modules already initialized, skipping
Registering precompiled user dll's ...
Registered in 0.010129 seconds.
Begin MonoManager ReloadAssembly
Symbol file LoadedFromMemory doesn't match image D:\Unity\Projects\Cursach\Library\PackageCache\com.unity.visualscripting@1.7.8\Editor\VisualScripting.Core\Dependencies\YamlDotNet\Unity.VisualScripting.YamlDotNet.dll
Symbol file LoadedFromMemory doesn't match image D:\Unity\Projects\Cursach\Library\PackageCache\com.unity.visualscripting@1.7.8\Editor\VisualScripting.Core\Dependencies\DotNetZip\Unity.VisualScripting.IonicZip.dll
Native extension for WindowsStandalone target not found
Refreshing native plugins compatible for Editor in 171.17 ms, found 4 plugins.
Preloading 0 native plugins for Editor in 0.00 ms.
Mono: successfully reloaded assembly
- Completed reload, in  9.030 seconds
Domain Reload Profiling:
	ReloadAssembly (9032ms)
		BeginReloadAssembly (186ms)
			ExecutionOrderSort (0ms)
			DisableScriptedObjects (9ms)
			BackupInstance (0ms)
			ReleaseScriptingObjects (0ms)
			CreateAndSetChildDomain (27ms)
		EndReloadAssembly (8579ms)
			LoadAssemblies (6708ms)
			RebuildTransferFunctionScriptingTraits (0ms)
			SetupTypeCache (394ms)
			ReleaseScriptCaches (1ms)
			RebuildScriptCaches (116ms)
			SetupLoadedEditorAssemblies (1295ms)
				LogAssemblyErrors (0ms)
				InitializePlatformSupportModulesInManaged (7ms)
				SetLoadedEditorAssemblies (0ms)
				RefreshPlugins (171ms)
				BeforeProcessingInitializeOnLoad (165ms)
				ProcessInitializeOnLoadAttributes (474ms)
				ProcessInitializeOnLoadMethodAttributes (472ms)
				AfterProcessingInitializeOnLoad (6ms)
				EditorAssembliesLoaded (0ms)
			ExecutionOrderSort2 (0ms)
			AwakeInstancesAfterBackupRestoration (15ms)
Platform modules already initialized, skipping
========================================================================
Worker process is ready to serve import requests
Launched and connected shader compiler UnityShaderCompiler.exe after 1.76 seconds
Refreshing native plugins compatible for Editor in 1.05 ms, found 4 plugins.
Preloading 0 native plugins for Editor in 0.00 ms.
Unloading 4100 Unused Serialized files (Serialized files now loaded: 0)
Unloading 38 unused Assets / (56.2 KB). Loaded Objects now: 4557.
Memory consumption went from 154.0 MB to 154.0 MB.
Total: 5.098600 ms (FindLiveObjects: 0.600300 ms CreateObjectMapping: 0.210300 ms MarkObjects: 4.163400 ms  DeleteObjects: 0.122900 ms)

AssetImportParameters requested are different than current active one (requested -> active):
  custom:video-decoder-ogg-theora: a1e56fd34408186e4bbccfd4996cb3dc -> 
  custom:container-muxer-webm: aa71ff27fc2769a1b78a27578f13a17b -> 
  custom:container-demuxer-webm: 4f35f7cbe854078d1ac9338744f61a02 -> 
  custom:video-encoder-webm-vp8: eb34c28f22e8b96e1ab97ce403110664 -> 
  custom:audio-encoder-webm-vorbis: bf7c407c2cedff20999df2af8eb42d56 -> 
  custom:framework-win-MediaFoundation: 216162199b28c13a410421893ffa2e32 -> 
  custom:container-demuxer-ogg: 62fdf1f143b41e24485cea50d1cbac27 -> 
  custom:video-decoder-webm-vp8: 9c59270c3fd7afecdb556c50c9e8de78 -> 
  custom:audio-decoder-ogg-vorbis: bf7c407c2cedff20999df2af8eb42d56 -> 
========================================================================
Received Import Request.
  Time since last request: 439096.904635 seconds.
  path: Assets/Scenes
  artifactKey: Guid(131a6b21c8605f84396be9f6751fb6e3) Importer(815301076,1909f56bfc062723c751e8b465ee728b)
Start importing Assets/Scenes using Guid(131a6b21c8605f84396be9f6751fb6e3) Importer(815301076,1909f56bfc062723c751e8b465ee728b)  -> (artifact id: '4935f35005d3ccd51bf39964504ff1b7') in 0.081045 seconds 
========================================================================
Received Import Request.
  Time since last request: 0.000032 seconds.
  path: Assets/SimplePixelUI/prefabs/Gray_black/square/buttons/button_1.prefab
  artifactKey: Guid(898380e1ddcafc24d8b877b904e71c36) Importer(815301076,1909f56bfc062723c751e8b465ee728b)
Start importing Assets/SimplePixelUI/prefabs/Gray_black/square/buttons/button_1.prefab using Guid(898380e1ddcafc24d8b877b904e71c36) Importer(815301076,1909f56bfc062723c751e8b465ee728b)  -> (artifact id: '8b1902a86173039a01c69659dd315c4c') in 0.960887 seconds 
========================================================================
Received Import Request.
  Time since last request: 0.000033 seconds.
  path: Assets/Scenes/Strominka.unity
  artifactKey: Guid(bcaa3298c50cf5e4c9032220170112ed) Importer(815301076,1909f56bfc062723c751e8b465ee728b)
Start importing Assets/Scenes/Strominka.unity using Guid(bcaa3298c50cf5e4c9032220170112ed) Importer(815301076,1909f56bfc062723c751e8b465ee728b)  -> (artifact id: '5697e8419e4f813ef9013d1698f6a5d5') in 0.013730 seconds 
========================================================================
Received Import Request.
  Time since last request: 284.167146 seconds.
  path: Assets/Prefabs/Book2.prefab
  artifactKey: Guid(e5ea674707315de448485b8b17dba281) Importer(815301076,1909f56bfc062723c751e8b465ee728b)
Start importing Assets/Prefabs/Book2.prefab using Guid(e5ea674707315de448485b8b17dba281) Importer(815301076,1909f56bfc062723c751e8b465ee728b)  -> (artifact id: '5e40a5bb6971378ee44ff5156d61d5c4') in 0.538512 seconds 
========================================================================
Received Import Request.
  Time since last request: 0.000122 seconds.
  path: Assets/Prefabs/Player.prefab
  artifactKey: Guid(7b0171a145649324eb720b30f48e29a1) Importer(815301076,1909f56bfc062723c751e8b465ee728b)
Start importing Assets/Prefabs/Player.prefab using Guid(7b0171a145649324eb720b30f48e29a1) Importer(815301076,1909f56bfc062723c751e8b465ee728b)  -> (artifact id: '34ff665fb60e411184d997f520604ed3') in 0.087662 seconds 
========================================================================
Received Import Request.
  Time since last request: 0.000047 seconds.
  path: Assets/Prefabs/Ksenich.prefab
  artifactKey: Guid(d7fbd0289689ff74cbd52d66c7e5a3d8) Importer(815301076,1909f56bfc062723c751e8b465ee728b)
Start importing Assets/Prefabs/Ksenich.prefab using Guid(d7fbd0289689ff74cbd52d66c7e5a3d8) Importer(815301076,1909f56bfc062723c751e8b465ee728b)  -> (artifact id: '15028f71335ec64bb24ab287d9fda5cf') in 1.197997 seconds 
========================================================================
Received Import Request.
  Time since last request: 8.537623 seconds.
  path: Assets/popa/TileMap/Strominka/Pallete/Decorations_1.prefab
  artifactKey: Guid(6ff41ced39904954796e0b78bc598d3d) Importer(815301076,1909f56bfc062723c751e8b465ee728b)
Start importing Assets/popa/TileMap/Strominka/Pallete/Decorations_1.prefab using Guid(6ff41ced39904954796e0b78bc598d3d) Importer(815301076,1909f56bfc062723c751e8b465ee728b)  -> (artifact id: '1b9d21735d1d110162e8c674fc07157f') in 0.310746 seconds 
========================================================================
Received Import Request.
  Time since last request: 0.000031 seconds.
  path: Assets/popa/TileMap/Strominka/Pallete/ground_1.asset
  artifactKey: Guid(cbd0c44dac67e55418092d513b975a10) Importer(815301076,1909f56bfc062723c751e8b465ee728b)
Start importing Assets/popa/TileMap/Strominka/Pallete/ground_1.asset using Guid(cbd0c44dac67e55418092d513b975a10) Importer(815301076,1909f56bfc062723c751e8b465ee728b)  -> (artifact id: 'eab0ce7737c26758a505adc832920356') in 0.119305 seconds 
========================================================================
Received Import Request.
  Time since last request: 0.000463 seconds.
  path: Assets/popa/TileMap/Strominka/Pallete/decors-3.png
  artifactKey: Guid(12dd26995b59c9b44b0a671f4ac3aeb8) Importer(815301076,1909f56bfc062723c751e8b465ee728b)
Start importing Assets/popa/TileMap/Strominka/Pallete/decors-3.png using Guid(12dd26995b59c9b44b0a671f4ac3aeb8) Importer(815301076,1909f56bfc062723c751e8b465ee728b)  -> (artifact id: '01f45b3c9ebf4f6fadef83eea5ed29c3') in 0.409616 seconds 
========================================================================
Received Import Request.
  Time since last request: 0.000036 seconds.
  path: Assets/popa/TileMap/Strominka/Pallete/ground.png
  artifactKey: Guid(9af5b90b91f1f4d48900ac6a4ac5e965) Importer(815301076,1909f56bfc062723c751e8b465ee728b)
Start importing Assets/popa/TileMap/Strominka/Pallete/ground.png using Guid(9af5b90b91f1f4d48900ac6a4ac5e965) Importer(815301076,1909f56bfc062723c751e8b465ee728b)  -> (artifact id: 'cbeaaf593d034723fd15970fb09acfa1') in 0.259235 seconds 
========================================================================
Received Import Request.
  Time since last request: 0.000044 seconds.
  path: Assets/popa/TileMap/Strominka/Pallete/newwalls.png
  artifactKey: Guid(5342af34d75f9d9418da0af7d193ebea) Importer(815301076,1909f56bfc062723c751e8b465ee728b)
Start importing Assets/popa/TileMap/Strominka/Pallete/newwalls.png using Guid(5342af34d75f9d9418da0af7d193ebea) Importer(815301076,1909f56bfc062723c751e8b465ee728b)  -> (artifact id: '7a6b3880012105655d9da3b1590a33f1') in 1.244001 seconds 
========================================================================
Received Import Request.
  Time since last request: 0.000038 seconds.
  path: Assets/popa/TileMap/Strominka/Pallete/WallV.prefab
  artifactKey: Guid(4dd612bc2b2660e498ab99c7f3a650f2) Importer(815301076,1909f56bfc062723c751e8b465ee728b)
Start importing Assets/popa/TileMap/Strominka/Pallete/WallV.prefab using Guid(4dd612bc2b2660e498ab99c7f3a650f2) Importer(815301076,1909f56bfc062723c751e8b465ee728b)  -> (artifact id: 'ab239f5cc6f25df8e2ac9954821ed8e9') in 0.256638 seconds 
Editor requested this worker to shutdown with reason: Scaling down because of idle timeout
AssetImportWorker is now disconnected from the server
Process exiting
Exiting without the bug reporter. Application will terminate with return code 0